DEBUG 2024-07-29 17:50:38,397 Producer: uci

DEBUG 2024-07-29 17:50:38,403 Command received: uci

DEBUG 2024-07-29 17:50:38,422 Command sent: id name badchess
DEBUG 2024-07-29 17:50:38,422 Command sent: id author Kevin Schaul
DEBUG 2024-07-29 17:50:38,422 Command sent: uciok
DEBUG 2024-07-29 17:50:38,428 Producer: isready

DEBUG 2024-07-29 17:50:38,428 Command received: isready

DEBUG 2024-07-29 17:50:38,460 Command sent: readyok
DEBUG 2024-07-29 17:50:38,479 Producer: ucinewgame

DEBUG 2024-07-29 17:50:38,485 Command received: ucinewgame

DEBUG 2024-07-29 17:53:26,602 Producer: position startpos moves f2f4

DEBUG 2024-07-29 17:53:26,608 Command received: position startpos moves f2f4

DEBUG 2024-07-29 17:53:26,608 Producer: go wtime 300000 btime 300000 movestogo 40

DEBUG 2024-07-29 17:53:26,621 Command received: go wtime 300000 btime 300000 movestogo 40

INFO 2024-07-29 17:53:27,280 n_positions_searched: 291
INFO 2024-07-29 17:53:27,286 moves: ['d7d5', 'd2d4', 'e7e5'] strength: -0.0033333333333333327
DEBUG 2024-07-29 17:53:27,292 Command sent: bestmove d7d5
DEBUG 2024-07-29 17:53:31,020 Producer: quit

DEBUG 2024-07-29 17:53:31,027 Command received: quit

DEBUG 2024-07-29 17:53:31,033 exit set
DEBUG 2024-07-29 17:53:31,033 Consumer 0 done
DEBUG 2024-07-29 17:53:31,684 Consumer 1 done
DEBUG 2024-07-29 17:54:23,741 Producer: uci

DEBUG 2024-07-29 17:54:23,748 Command received: uci

DEBUG 2024-07-29 17:54:23,754 Command sent: id name badchess
DEBUG 2024-07-29 17:54:23,754 Command sent: id author Kevin Schaul
DEBUG 2024-07-29 17:54:23,761 Command sent: uciok
DEBUG 2024-07-29 17:54:23,773 Producer: isready

DEBUG 2024-07-29 17:54:23,780 Command received: isready

DEBUG 2024-07-29 17:54:23,798 Command sent: readyok
DEBUG 2024-07-29 17:54:23,811 Producer: ucinewgame

DEBUG 2024-07-29 17:54:23,817 Command received: ucinewgame

DEBUG 2024-07-29 17:54:30,319 Producer: position startpos moves e2e4

DEBUG 2024-07-29 17:54:30,326 Command received: position startpos moves e2e4

DEBUG 2024-07-29 17:54:30,326 Producer: go wtime 300000 btime 300000 movestogo 40

DEBUG 2024-07-29 17:54:30,339 Command received: go wtime 300000 btime 300000 movestogo 40

INFO 2024-07-29 17:54:30,609 n_positions_searched: 129
INFO 2024-07-29 17:54:30,616 moves: ['g8f6', 'e4e5', 'd7d5'] strength: -0.006666666666666665
DEBUG 2024-07-29 17:54:30,623 Command sent: bestmove g8f6
DEBUG 2024-07-29 17:54:33,451 Producer: position startpos moves e2e4 g8f6 f2f3

DEBUG 2024-07-29 17:54:33,458 Command received: position startpos moves e2e4 g8f6 f2f3

DEBUG 2024-07-29 17:54:33,458 Producer: go wtime 297170 btime 299690 movestogo 39

DEBUG 2024-07-29 17:54:33,470 Command received: go wtime 297170 btime 299690 movestogo 39

INFO 2024-07-29 17:54:33,744 n_positions_searched: 234
INFO 2024-07-29 17:54:33,750 moves: ['e7e5', 'd2d4', 'f6e4'] strength: -1.0133333333333334
DEBUG 2024-07-29 17:54:33,757 Command sent: bestmove e7e5
DEBUG 2024-07-29 17:54:37,701 Producer: position startpos moves e2e4 g8f6 f2f3 e7e5 d2d4

DEBUG 2024-07-29 17:54:37,708 Command received: position startpos moves e2e4 g8f6 f2f3 e7e5 d2d4

DEBUG 2024-07-29 17:54:37,708 Producer: go wtime 293240 btime 299370 movestogo 38

DEBUG 2024-07-29 17:54:37,720 Command received: go wtime 293240 btime 299370 movestogo 38

INFO 2024-07-29 17:54:37,900 n_positions_searched: 102
INFO 2024-07-29 17:54:37,907 moves: ['f8b4', 'c2c3', 'f6e4'] strength: -1.0166666666666666
DEBUG 2024-07-29 17:54:37,913 Command sent: bestmove f8b4
DEBUG 2024-07-29 17:54:40,551 Producer: position startpos moves e2e4 g8f6 f2f3 e7e5 d2d4 f8b4 c2c3

DEBUG 2024-07-29 17:54:40,558 Command received: position startpos moves e2e4 g8f6 f2f3 e7e5 d2d4 f8b4 c2c3

DEBUG 2024-07-29 17:54:40,558 Producer: go wtime 290610 btime 299150 movestogo 37

DEBUG 2024-07-29 17:54:40,570 Command received: go wtime 290610 btime 299150 movestogo 37

INFO 2024-07-29 17:54:40,899 n_positions_searched: 230
INFO 2024-07-29 17:54:40,905 moves: ['b4a5', 'd4e5', 'f6e4'] strength: -0.0033333333333333357
DEBUG 2024-07-29 17:54:40,911 Command sent: bestmove b4a5
DEBUG 2024-07-29 17:54:47,468 Producer: position startpos moves e2e4 g8f6 f2f3 e7e5 d2d4 f8b4 c2c3 b4a5 a2a4

DEBUG 2024-07-29 17:54:47,475 Command received: position startpos moves e2e4 g8f6 f2f3 e7e5 d2d4 f8b4 c2c3 b4a5 a2a4

DEBUG 2024-07-29 17:54:47,475 Producer: go wtime 284060 btime 298780 movestogo 36

DEBUG 2024-07-29 17:54:47,487 Command received: go wtime 284060 btime 298780 movestogo 36

INFO 2024-07-29 17:54:47,684 n_positions_searched: 94
INFO 2024-07-29 17:54:47,690 moves: ['e5d4', 'd1d4', 'f6e4'] strength: -1.0133333333333334
DEBUG 2024-07-29 17:54:47,696 Command sent: bestmove e5d4
DEBUG 2024-07-29 17:55:02,385 Producer: position startpos moves e2e4 g8f6 f2f3 e7e5 d2d4 f8b4 c2c3 b4a5 a2a4 e5d4 d1d4

DEBUG 2024-07-29 17:55:02,392 Command received: position startpos moves e2e4 g8f6 f2f3 e7e5 d2d4 f8b4 c2c3 b4a5 a2a4 e5d4 d1d4

DEBUG 2024-07-29 17:55:02,392 Producer: go wtime 269380 btime 298550 movestogo 35

DEBUG 2024-07-29 17:55:02,405 Command received: go wtime 269380 btime 298550 movestogo 35

INFO 2024-07-29 17:55:02,832 n_positions_searched: 323
INFO 2024-07-29 17:55:02,838 moves: ['b8c6', 'd4c5', 'f6e4'] strength: -1.02
DEBUG 2024-07-29 17:55:02,838 Command sent: bestmove b8c6
DEBUG 2024-07-29 17:55:06,751 Producer: position startpos moves e2e4 g8f6 f2f3 e7e5 d2d4 f8b4 c2c3 b4a5 a2a4 e5d4 d1d4 b8c6 b2b4

DEBUG 2024-07-29 17:55:06,757 Command received: position startpos moves e2e4 g8f6 f2f3 e7e5 d2d4 f8b4 c2c3 b4a5 a2a4 e5d4 d1d4 b8c6 b2b4

DEBUG 2024-07-29 17:55:06,757 Producer: go wtime 265470 btime 298090 movestogo 34

DEBUG 2024-07-29 17:55:06,770 Command received: go wtime 265470 btime 298090 movestogo 34

INFO 2024-07-29 17:55:07,022 n_positions_searched: 144
INFO 2024-07-29 17:55:07,028 moves: ['c6d4', 'c3d4', 'f6e4'] strength: -6.99
DEBUG 2024-07-29 17:55:07,035 Command sent: bestmove c6d4
DEBUG 2024-07-29 17:55:09,335 Producer: position startpos moves e2e4 g8f6 f2f3 e7e5 d2d4 f8b4 c2c3 b4a5 a2a4 e5d4 d1d4 b8c6 b2b4 c6d4 b4a5

DEBUG 2024-07-29 17:55:09,342 Command received: position startpos moves e2e4 g8f6 f2f3 e7e5 d2d4 f8b4 c2c3 b4a5 a2a4 e5d4 d1d4 b8c6 b2b4 c6d4 b4a5

DEBUG 2024-07-29 17:55:09,342 Producer: go wtime 263180 btime 297800 movestogo 33

DEBUG 2024-07-29 17:55:09,354 Command received: go wtime 263180 btime 297800 movestogo 33

INFO 2024-07-29 17:55:09,612 n_positions_searched: 151
INFO 2024-07-29 17:55:09,619 moves: ['d4c2', 'e1f2', 'c2a1'] strength: -10.97
DEBUG 2024-07-29 17:55:09,625 Command sent: bestmove d4c2
DEBUG 2024-07-29 17:55:13,718 Producer: position startpos moves e2e4 g8f6 f2f3 e7e5 d2d4 f8b4 c2c3 b4a5 a2a4 e5d4 d1d4 b8c6 b2b4 c6d4 b4a5 d4c2 e1d1

DEBUG 2024-07-29 17:55:13,725 Command received: position startpos moves e2e4 g8f6 f2f3 e7e5 d2d4 f8b4 c2c3 b4a5 a2a4 e5d4 d1d4 b8c6 b2b4 c6d4 b4a5 d4c2 e1d1

DEBUG 2024-07-29 17:55:13,725 Producer: go wtime 259090 btime 297500 movestogo 32

DEBUG 2024-07-29 17:55:13,737 Command received: go wtime 259090 btime 297500 movestogo 32

INFO 2024-07-29 17:55:13,922 n_positions_searched: 82
INFO 2024-07-29 17:55:13,928 moves: ['c2a1', 'e4e5', 'd7d5'] strength: -10.986666666666666
DEBUG 2024-07-29 17:55:13,934 Command sent: bestmove c2a1
DEBUG 2024-07-29 17:55:22,186 Producer: position startpos moves e2e4 g8f6 f2f3 e7e5 d2d4 f8b4 c2c3 b4a5 a2a4 e5d4 d1d4 b8c6 b2b4 c6d4 b4a5 d4c2 e1d1 c2a1 f1b5

DEBUG 2024-07-29 17:55:22,192 Command received: position startpos moves e2e4 g8f6 f2f3 e7e5 d2d4 f8b4 c2c3 b4a5 a2a4 e5d4 d1d4 b8c6 b2b4 c6d4 b4a5 d4c2 e1d1 c2a1 f1b5

DEBUG 2024-07-29 17:55:22,192 Producer: go wtime 250860 btime 297270 movestogo 31

DEBUG 2024-07-29 17:55:22,205 Command received: go wtime 250860 btime 297270 movestogo 31

INFO 2024-07-29 17:55:22,632 n_positions_searched: 293
INFO 2024-07-29 17:55:22,638 moves: ['c7c6', 'b5e2', 'f6e4'] strength: -11.996666666666666
DEBUG 2024-07-29 17:55:22,644 Command sent: bestmove c7c6
DEBUG 2024-07-29 17:55:24,485 Producer: position startpos moves e2e4 g8f6 f2f3 e7e5 d2d4 f8b4 c2c3 b4a5 a2a4 e5d4 d1d4 b8c6 b2b4 c6d4 b4a5 d4c2 e1d1 c2a1 f1b5 c7c6 b5c6

DEBUG 2024-07-29 17:55:24,492 Command received: position startpos moves e2e4 g8f6 f2f3 e7e5 d2d4 f8b4 c2c3 b4a5 a2a4 e5d4 d1d4 b8c6 b2b4 c6d4 b4a5 d4c2 e1d1 c2a1 f1b5 c7c6 b5c6

DEBUG 2024-07-29 17:55:24,492 Producer: go wtime 249020 btime 296800 movestogo 30

DEBUG 2024-07-29 17:55:24,504 Command received: go wtime 249020 btime 296800 movestogo 30

INFO 2024-07-29 17:55:24,619 n_positions_searched: 55
INFO 2024-07-29 17:55:24,625 moves: ['d7c6', 'd1e2', 'f6e4'] strength: -14.0
DEBUG 2024-07-29 17:55:24,631 Command sent: bestmove d7c6
DEBUG 2024-07-29 17:55:27,293 Producer: quit

DEBUG 2024-07-29 17:55:27,299 Command received: quit

DEBUG 2024-07-29 17:55:27,312 exit set
DEBUG 2024-07-29 17:55:27,312 Consumer 1 done
DEBUG 2024-07-29 17:55:27,665 Consumer 0 done
DEBUG 2024-07-29 18:59:24,298 Producer: uci

DEBUG 2024-07-29 18:59:24,304 Command received: uci

DEBUG 2024-07-29 18:59:24,304 Command sent: id name badchess
DEBUG 2024-07-29 18:59:24,304 Command sent: id author Kevin Schaul
DEBUG 2024-07-29 18:59:24,311 Command sent: uciok
DEBUG 2024-07-29 18:59:24,332 Producer: isready

DEBUG 2024-07-29 18:59:24,338 Command received: isready

DEBUG 2024-07-29 18:59:24,344 Command sent: readyok
DEBUG 2024-07-29 18:59:24,357 Producer: ucinewgame

DEBUG 2024-07-29 18:59:24,363 Command received: ucinewgame

DEBUG 2024-07-29 18:59:32,623 Producer: position startpos moves d2d4

DEBUG 2024-07-29 18:59:32,630 Command received: position startpos moves d2d4

DEBUG 2024-07-29 18:59:32,630 Producer: go wtime 300000 btime 300000 movestogo 40

DEBUG 2024-07-29 18:59:32,643 Command received: go wtime 300000 btime 300000 movestogo 40

INFO 2024-07-29 18:59:32,922 n_positions_searched: 149
INFO 2024-07-29 18:59:32,929 moves: ['b8c6', 'd4d5', 'e7e5'] strength: -0.006666666666666665
DEBUG 2024-07-29 18:59:32,935 Command sent: bestmove b8c6
DEBUG 2024-07-29 18:59:35,751 Producer: position startpos moves d2d4 b8c6 e2e3

DEBUG 2024-07-29 18:59:35,757 Command received: position startpos moves d2d4 b8c6 e2e3

DEBUG 2024-07-29 18:59:35,757 Producer: go wtime 297190 btime 299670 movestogo 39

DEBUG 2024-07-29 18:59:35,770 Command received: go wtime 297190 btime 299670 movestogo 39

INFO 2024-07-29 18:59:36,042 n_positions_searched: 236
INFO 2024-07-29 18:59:36,049 moves: ['g8f6', 'f2f4', 'c6d4'] strength: -1.005
DEBUG 2024-07-29 18:59:36,055 Command sent: bestmove g8f6
DEBUG 2024-07-29 18:59:38,251 Producer: position startpos moves d2d4 b8c6 e2e3 g8f6 f2f4

DEBUG 2024-07-29 18:59:38,257 Command received: position startpos moves d2d4 b8c6 e2e3 g8f6 f2f4

DEBUG 2024-07-29 18:59:38,257 Producer: go wtime 295010 btime 299350 movestogo 38

DEBUG 2024-07-29 18:59:38,268 Command received: go wtime 295010 btime 299350 movestogo 38

INFO 2024-07-29 18:59:38,562 n_positions_searched: 256
INFO 2024-07-29 18:59:38,569 moves: ['f6d5', 'c2c4', 'c6d4'] strength: -1.0016666666666667
DEBUG 2024-07-29 18:59:38,575 Command sent: bestmove f6d5
DEBUG 2024-07-29 18:59:40,451 Producer: position startpos moves d2d4 b8c6 e2e3 g8f6 f2f4 f6d5 g2g4

DEBUG 2024-07-29 18:59:40,458 Command received: position startpos moves d2d4 b8c6 e2e3 g8f6 f2f4 f6d5 g2g4

DEBUG 2024-07-29 18:59:40,458 Producer: go wtime 293150 btime 299010 movestogo 37

DEBUG 2024-07-29 18:59:40,470 Command received: go wtime 293150 btime 299010 movestogo 37

INFO 2024-07-29 18:59:40,769 n_positions_searched: 248
INFO 2024-07-29 18:59:40,775 moves: ['a7a5', 'f1h3', 'c6d4'] strength: -0.9983333333333333
DEBUG 2024-07-29 18:59:40,781 Command sent: bestmove a7a5
DEBUG 2024-07-29 18:59:43,218 Producer: quit

DEBUG 2024-07-29 18:59:43,224 Command received: quit

DEBUG 2024-07-29 18:59:43,237 exit set
DEBUG 2024-07-29 18:59:43,237 Consumer 1 done
DEBUG 2024-07-29 18:59:43,822 Consumer 0 done
