DEBUG 2024-07-29 19:28:48,953 Producer: uci

DEBUG 2024-07-29 19:28:48,959 Command received: uci

DEBUG 2024-07-29 19:28:48,978 Command sent: id name badchess
DEBUG 2024-07-29 19:28:48,990 Command sent: id author Kevin Schaul
DEBUG 2024-07-29 19:28:49,003 Command sent: uciok
DEBUG 2024-07-29 19:28:49,019 Producer: isready

DEBUG 2024-07-29 19:28:49,025 Command received: isready

DEBUG 2024-07-29 19:28:49,025 Command sent: readyok
DEBUG 2024-07-29 19:28:49,038 Producer: ucinewgame

DEBUG 2024-07-29 19:28:49,044 Command received: ucinewgame

DEBUG 2024-07-29 19:28:54,232 Producer: position startpos moves e2e4

DEBUG 2024-07-29 19:28:54,239 Command received: position startpos moves e2e4

DEBUG 2024-07-29 19:28:54,239 Producer: go wtime 300000 btime 300000 movestogo 40

DEBUG 2024-07-29 19:28:54,251 Command received: go wtime 300000 btime 300000 movestogo 40

INFO 2024-07-29 19:28:54,511 n_positions_searched: 129
INFO 2024-07-29 19:28:54,519 moves: ['g8f6', 'e4e5', 'd7d5'] strength: -0.006666666666666665
DEBUG 2024-07-29 19:28:54,525 Command sent: bestmove g8f6
DEBUG 2024-07-29 19:28:56,465 Producer: position startpos moves e2e4 g8f6 g2g3

DEBUG 2024-07-29 19:28:56,471 Command received: position startpos moves e2e4 g8f6 g2g3

DEBUG 2024-07-29 19:28:56,471 Producer: go wtime 298070 btime 299690 movestogo 39

DEBUG 2024-07-29 19:28:56,484 Command received: go wtime 298070 btime 299690 movestogo 39

INFO 2024-07-29 19:28:56,652 n_positions_searched: 54
INFO 2024-07-29 19:28:56,658 moves: ['f6e4', 'd2d4', 'e4g3'] strength: -1.9833333333333334
DEBUG 2024-07-29 19:28:56,665 Command sent: bestmove f6e4
DEBUG 2024-07-29 19:28:58,382 Producer: position startpos moves e2e4 g8f6 g2g3 f6e4 b2b3

DEBUG 2024-07-29 19:28:58,388 Command received: position startpos moves e2e4 g8f6 g2g3 f6e4 b2b3

DEBUG 2024-07-29 19:28:58,388 Producer: go wtime 296360 btime 299480 movestogo 38

DEBUG 2024-07-29 19:28:58,400 Command received: go wtime 296360 btime 299480 movestogo 38

INFO 2024-07-29 19:28:58,731 n_positions_searched: 236
INFO 2024-07-29 19:28:58,737 moves: ['e7e5', 'f1h3', 'e4d2'] strength: -2.006666666666667
DEBUG 2024-07-29 19:28:58,744 Command sent: bestmove e7e5
DEBUG 2024-07-29 19:29:01,732 Producer: position startpos moves e2e4 g8f6 g2g3 f6e4 b2b3 e7e5 d1e2

DEBUG 2024-07-29 19:29:01,739 Command received: position startpos moves e2e4 g8f6 g2g3 f6e4 b2b3 e7e5 d1e2

DEBUG 2024-07-29 19:29:01,739 Producer: go wtime 293390 btime 299100 movestogo 37

DEBUG 2024-07-29 19:29:01,752 Command received: go wtime 293390 btime 299100 movestogo 37

INFO 2024-07-29 19:29:01,957 n_positions_searched: 196
INFO 2024-07-29 19:29:01,964 moves: ['d7d5', 'e2b5', 'b8c6'] strength: -1.0566666666666666
DEBUG 2024-07-29 19:29:01,970 Command sent: bestmove d7d5
DEBUG 2024-07-29 19:29:05,782 Producer: position startpos moves e2e4 g8f6 g2g3 f6e4 b2b3 e7e5 d1e2 d7d5 g1f3

DEBUG 2024-07-29 19:29:05,788 Command received: position startpos moves e2e4 g8f6 g2g3 f6e4 b2b3 e7e5 d1e2 d7d5 g1f3

DEBUG 2024-07-29 19:29:05,788 Producer: go wtime 289590 btime 298850 movestogo 36

DEBUG 2024-07-29 19:29:05,800 Command received: go wtime 289590 btime 298850 movestogo 36

INFO 2024-07-29 19:29:06,288 n_positions_searched: 286
INFO 2024-07-29 19:29:06,294 moves: ['b8c6', 'f1g2', 'e4d2'] strength: -2.0233333333333334
DEBUG 2024-07-29 19:29:06,301 Command sent: bestmove b8c6
DEBUG 2024-07-29 19:29:26,165 Producer: quit

DEBUG 2024-07-29 19:29:26,171 Command received: quit

DEBUG 2024-07-29 19:29:26,171 exit set
DEBUG 2024-07-29 19:29:26,172 Consumer 0 done
